2025-02-21 19:18:46 [@8d20e10a3d0c]
Interno #1: Executar contract
2025-02-21 19:20:01 [@8d20e10a3d0c]
Externo #1: Executar PurgeLogs
2025-02-21 19:20:01 [@8d20e10a3d0c]
Externo #2: Executar checkAllUpdates
2025-02-21 19:20:01 [@8d20e10a3d0c]
Externo #3: Executar DomainsAlert
2025-02-21 19:20:01 [@8d20e10a3d0c]
Externo #4: Executar cleanorphans
2025-02-21 19:20:01 [@8d20e10a3d0c]
Externo #5: Executar pendingreason_autobump_autosolve
2025-02-21 19:22:01 [@8d20e10a3d0c]
Externo #1: Executar Cleanoldagents
2025-02-21 19:24:01 [@8d20e10a3d0c]
Externo #1: Nada a ser executado
2025-02-21 19:26:01 [@8d20e10a3d0c]
Externo #1: Nada a ser executado
2025-02-21 19:26:15 [2@8d20e10a3d0c]
Interno #1: Executar infocom
2025-02-21 19:28:01 [@8d20e10a3d0c]
Externo #1: Nada a ser executado
2025-02-21 19:30:01 [@8d20e10a3d0c]
Externo #1: Nada a ser executado
2025-02-21 19:32:01 [@8d20e10a3d0c]
Externo #1: Nada a ser executado
2025-02-21 19:34:01 [@8d20e10a3d0c]
Externo #1: Nada a ser executado
2025-02-21 19:36:01 [@8d20e10a3d0c]
Externo #1: Nada a ser executado
2025-02-21 19:38:01 [@8d20e10a3d0c]
Externo #1: Nada a ser executado
2025-02-21 19:40:01 [@8d20e10a3d0c]
Externo #1: Nada a ser executado
2025-02-21 19:42:01 [@8d20e10a3d0c]
Externo #1: Nada a ser executado
2025-02-21 19:44:01 [@8d20e10a3d0c]
Externo #1: Nada a ser executado
2025-02-21 19:46:01 [@8d20e10a3d0c]
Externo #1: Nada a ser executado
2025-02-21 19:48:01 [@8d20e10a3d0c]
Externo #1: Nada a ser executado
2025-02-21 19:50:01 [@8d20e10a3d0c]
Externo #1: Executar pendingreason_autobump_autosolve
2025-02-21 19:52:01 [@8d20e10a3d0c]
Externo #1: Nada a ser executado
2025-02-21 19:54:01 [@8d20e10a3d0c]
Externo #1: Nada a ser executado
2025-02-21 19:56:01 [@8d20e10a3d0c]
Externo #1: Nada a ser executado
2025-02-21 19:56:10 [2@8d20e10a3d0c]
Interno #1: Executar mailgate
2025-02-23 22:32:01 [@8d20e10a3d0c]
Externo #1: Executar pendingreason_autobump_autosolve
2025-02-23 22:32:01 [@8d20e10a3d0c]
Externo #2: Executar checkAllUpdates
2025-02-23 22:32:01 [@8d20e10a3d0c]
Externo #3: Executar DomainsAlert
2025-02-23 22:32:01 [@8d20e10a3d0c]
Externo #4: Executar Cleanoldagents
2025-02-23 22:34:01 [@8d20e10a3d0c]
Externo #1: Nada a ser executado
